<?xml version="1.0" encoding="UTF-8"?>
<testng-results ignored="0" total="1" passed="1" failed="0" skipped="0">
  <reporter-output>
  </reporter-output>
  <suite started-at="2026-01-30T10:18:11 CET" name="Default suite" finished-at="2026-01-30T10:18:15 CET" duration-ms="3986">
    <groups>
    </groups>
    <test started-at="2026-01-30T10:18:11 CET" name="Default test" finished-at="2026-01-30T10:18:15 CET" duration-ms="3986">
      <class name="tests.LoginTest">
        <test-method is-config="true" signature="setUp()[pri:0, instance:tests.LoginTest@a1153bc]" started-at="2026-01-30T10:18:11 CET" name="setUp" finished-at="2026-01-30T10:18:14 CET" duration-ms="3367" status="PASS">
          <reporter-output>
          </reporter-output>
        </test-method> <!-- setUp -->
        <test-method signature="testValidLogin()[pri:0, instance:tests.LoginTest@a1153bc]" started-at="2026-01-30T10:18:14 CET" name="testValidLogin" finished-at="2026-01-30T10:18:15 CET" duration-ms="408" status="PASS">
          <reporter-output>
          </reporter-output>
        </test-method> <!-- testValidLogin -->
        <test-method is-config="true" signature="tearDown()[pri:0, instance:tests.LoginTest@a1153bc]" started-at="2026-01-30T10:18:15 CET" name="tearDown" finished-at="2026-01-30T10:18:15 CET" duration-ms="159" status="PASS">
          <reporter-output>
          </reporter-output>
        </test-method> <!-- tearDown -->
      </class> <!-- tests.LoginTest -->
    </test> <!-- Default test -->
  </suite> <!-- Default suite -->
</testng-results>
